<?xml version="1.0" encoding="UTF-8"?>
<!-- Generated by org.testng.reporters.JUnitReportReporter -->
<testsuite hostname="VI-D017" name="Practice" tests="1" failures="0" timestamp="5 May 2017 10:45:01 GMT" time="11.228" errors="0">
  <testcase name="firstmethod" time="11.228" classname="Practice"/>
</testsuite> <!-- Practice -->
